<?xml version="1.0" encoding="UTF-8"?>
<!-- Generated by org.testng.reporters.JUnitReportReporter -->
<testsuite hostname="Chandrakant" failures="0" tests="1" name="Basic.OrganizationsTest" time="3.816" errors="0" timestamp="2024-03-15T12:52:56 IST" skipped="0">
  <testcase classname="Basic.OrganizationsTest" name="CreateOrganizationsTest" time="3.816"/>
  <system-out/>
</testsuite> <!-- Basic.OrganizationsTest -->
